<?xml version="1.0" encoding="UTF-8"?>
<!-- Generated by org.testng.reporters.JUnitXMLReporter -->
<testsuite ignored="0" hostname="DESKTOP-DD57UVT" failures="0" tests="4" name="Test" time="62.627" errors="0" timestamp="2021-11-15T17:25:24 IST">
  <testcase classname="com.toolsqa.NewTest" name="launch" time="21.42"/>
  <testcase classname="com.toolsqa.NewTest" name="account" time="1.04"/>
  <testcase classname="com.toolsqa.NewTest1" name="launch" time="34.843"/>
  <testcase classname="com.toolsqa.NewTest1" name="account" time="2.629"/>
</testsuite> <!-- Test -->
