<?xml version="1.0" encoding="UTF-8"?>
<!-- Generated by org.testng.reporters.JUnitXMLReporter -->
<testsuite ignored="2" hostname="DESKTOP-DD57UVT" failures="0" tests="1" name="Default test" time="6.969" errors="0" timestamp="2021-12-06T18:26:32 IST">
  <testcase classname="com.toolsqa.Windows" name="action" time="4.598"/>
  <testcase classname="com.toolsqa.Windows" name="alert" time="0.0">
    <ignored/>
  </testcase> <!-- alert -->
  <testcase classname="com.toolsqa.Windows" name="launch" time="0.0">
    <ignored/>
  </testcase> <!-- launch -->
</testsuite> <!-- Default test -->
