<?xml version="1.0" encoding="UTF-8"?>
<testng-results ignored="2" total="3" passed="1" failed="0" skipped="0">
  <reporter-output>
  </reporter-output>
  <suite started-at="2021-12-06T18:26:25 IST" name="Default suite" finished-at="2021-12-06T18:26:32 IST" duration-ms="6969">
    <groups>
    </groups>
    <test started-at="2021-12-06T18:26:25 IST" name="Default test" finished-at="2021-12-06T18:26:32 IST" duration-ms="6969">
      <class name="com.toolsqa.Windows">
        <test-method is-config="true" signature="beforeMethod()[pri:0, instance:com.toolsqa.Windows@be35cd9]" started-at="2021-12-06T18:26:25 IST" name="beforeMethod" finished-at="2021-12-06T18:26:27 IST" duration-ms="2293" status="PASS">
          <reporter-output>
          </reporter-output>
        </test-method> <!-- beforeMethod -->
        <test-method signature="action()[pri:0, instance:com.toolsqa.Windows@be35cd9]" started-at="2021-12-06T18:26:27 IST" name="action" finished-at="2021-12-06T18:26:32 IST" duration-ms="4598" status="PASS">
          <reporter-output>
          </reporter-output>
        </test-method> <!-- action -->
        <test-method is-config="true" signature="afterMethod()[pri:0, instance:com.toolsqa.Windows@be35cd9]" started-at="2021-12-06T18:26:32 IST" name="afterMethod" finished-at="2021-12-06T18:26:32 IST" duration-ms="3" status="PASS">
          <reporter-output>
          </reporter-output>
        </test-method> <!-- afterMethod -->
      </class> <!-- com.toolsqa.Windows -->
    </test> <!-- Default test -->
  </suite> <!-- Default suite -->
</testng-results>
